<?xml version="1.0" encoding="UTF-8"?>
<testsuite name="com.example.demo.service.TodoServiceTest" tests="1" skipped="0" failures="0" errors="0" timestamp="2023-01-15T16:14:11" hostname="GNLWLS" time="0.325">
  <properties/>
  <testcase name="delete()" classname="com.example.demo.service.TodoServiceTest" time="0.325"/>
  <system-out><![CDATA[01:14:06.967 [Test worker] DEBUG org.springframework.test.context.BootstrapUtils - Instantiating CacheAwareContextLoaderDelegate from class [org.springframework.test.context.cache.DefaultCacheAwareContextLoaderDelegate]
01:14:06.979 [Test worker] DEBUG org.springframework.test.context.BootstrapUtils - Instantiating BootstrapContext using constructor [public org.springframework.test.context.support.DefaultBootstrapContext(java.lang.Class,org.springframework.test.context.CacheAwareContextLoaderDelegate)]
01:14:07.011 [Test worker] DEBUG org.springframework.test.context.BootstrapUtils - Instantiating TestContextBootstrapper for test class [com.example.demo.service.TodoServiceTest] from class [org.springframework.boot.test.context.SpringBootTestContextBootstrapper]
01:14:07.029 [Test worker] INFO org.springframework.boot.test.context.SpringBootTestContextBootstrapper - Neither @ContextConfiguration nor @ContextHierarchy found for test class [com.example.demo.service.TodoServiceTest], using SpringBootContextLoader
01:14:07.033 [Test worker] DEBUG org.springframework.test.context.support.AbstractContextLoader - Did not detect default resource location for test class [com.example.demo.service.TodoServiceTest]: class path resource [com/example/demo/service/TodoServiceTest-context.xml] does not exist
01:14:07.034 [Test worker] DEBUG org.springframework.test.context.support.AbstractContextLoader - Did not detect default resource location for test class [com.example.demo.service.TodoServiceTest]: class path resource [com/example/demo/service/TodoServiceTestContext.groovy] does not exist
01:14:07.034 [Test worker] INFO org.springframework.test.context.support.AbstractContextLoader - Could not detect default resource locations for test class [com.example.demo.service.TodoServiceTest]: no resource found for suffixes {-context.xml, Context.groovy}.
01:14:07.035 [Test worker] INFO org.springframework.test.context.support.AnnotationConfigContextLoaderUtils - Could not detect default configuration classes for test class [com.example.demo.service.TodoServiceTest]: TodoServiceTest does not declare any static, non-private, non-final, nested classes annotated with @Configuration.
01:14:07.076 [Test worker] DEBUG org.springframework.test.context.support.ActiveProfilesUtils - Could not find an 'annotation declaring class' for annotation type [org.springframework.test.context.ActiveProfiles] and class [com.example.demo.service.TodoServiceTest]
01:14:07.136 [Test worker] DEBUG org.springframework.context.annotation.ClassPathScanningCandidateComponentProvider - Identified candidate component class: file [C:\Users\user\BE-TODO\build\classes\java\main\com\example\demo\DemoApplication.class]
01:14:07.139 [Test worker] INFO org.springframework.boot.test.context.SpringBootTestContextBootstrapper - Found @SpringBootConfiguration com.example.demo.DemoApplication for test class com.example.demo.service.TodoServiceTest
01:14:07.238 [Test worker] DEBUG org.springframework.boot.test.context.SpringBootTestContextBootstrapper - @TestExecutionListeners is not present for class [com.example.demo.service.TodoServiceTest]: using defaults.
01:14:07.239 [Test worker] INFO org.springframework.boot.test.context.SpringBootTestContextBootstrapper - Loaded default TestExecutionListener class names from location [META-INF/spring.factories]: [org.springframework.boot.test.autoconfigure.restdocs.RestDocsTestExecutionListener, org.springframework.boot.test.autoconfigure.web.client.MockRestServiceServerResetTestExecutionListener, org.springframework.boot.test.autoconfigure.web.servlet.MockMvcPrintOnlyOnFailureTestExecutionListener, org.springframework.boot.test.autoconfigure.web.servlet.WebDriverTestExecutionListener, org.springframework.boot.test.autoconfigure.webservices.client.MockWebServiceServerTestExecutionListener, org.springframework.boot.test.mock.mockito.MockitoTestExecutionListener, org.springframework.boot.test.mock.mockito.ResetMocksTestExecutionListener, org.springframework.test.context.web.ServletTestExecutionListener, org.springframework.test.context.support.DirtiesContextBeforeModesTestExecutionListener, org.springframework.test.context.event.ApplicationEventsTestExecutionListener, org.springframework.test.context.support.DependencyInjectionTestExecutionListener, org.springframework.test.context.support.DirtiesContextTestExecutionListener, org.springframework.test.context.transaction.TransactionalTestExecutionListener, org.springframework.test.context.jdbc.SqlScriptsTestExecutionListener, org.springframework.test.context.event.EventPublishingTestExecutionListener]
01:14:07.263 [Test worker] INFO org.springframework.boot.test.context.SpringBootTestContextBootstrapper - Using TestExecutionListeners: [org.springframework.test.context.web.ServletTestExecutionListener@5902c460, org.springframework.test.context.support.DirtiesContextBeforeModesTestExecutionListener@3754fcbd, org.springframework.test.context.event.ApplicationEventsTestExecutionListener@45772c61, org.springframework.boot.test.mock.mockito.MockitoTestExecutionListener@304b613d, org.springframework.boot.test.autoconfigure.SpringBootDependencyInjectionTestExecutionListener@7fa58290, org.springframework.test.context.support.DirtiesContextTestExecutionListener@6f0438cd, org.springframework.test.context.transaction.TransactionalTestExecutionListener@136c1568, org.springframework.test.context.jdbc.SqlScriptsTestExecutionListener@7845ccb1, org.springframework.test.context.event.EventPublishingTestExecutionListener@2b27602b, org.springframework.boot.test.autoconfigure.restdocs.RestDocsTestExecutionListener@652bf7d2, org.springframework.boot.test.autoconfigure.web.client.MockRestServiceServerResetTestExecutionListener@161f794a, org.springframework.boot.test.autoconfigure.web.servlet.MockMvcPrintOnlyOnFailureTestExecutionListener@40e91f7c, org.springframework.boot.test.autoconfigure.web.servlet.WebDriverTestExecutionListener@50df1972, org.springframework.boot.test.autoconfigure.webservices.client.MockWebServiceServerTestExecutionListener@6af0f1dc, org.springframework.boot.test.mock.mockito.ResetMocksTestExecutionListener@7c800e1]
01:14:07.267 [Test worker] DEBUG org.springframework.test.context.support.AbstractDirtiesContextTestExecutionListener - Before test class: context [DefaultTestContext@41be3e31 testClass = TodoServiceTest, testInstance = [null], testMethod = [null], testException = [null], mergedContextConfiguration = [WebMergedContextConfiguration@5986626a testClass = TodoServiceTest, locations = '{}', classes = '{class com.example.demo.DemoApplication}', contextInitializerClasses = '[]', activeProfiles = '{}', propertySourceLocations = '{}', propertySourceProperties = '{org.springframework.boot.test.context.SpringBootTestContextBootstrapper=true}', contextCustomizers = set[org.springframework.boot.test.autoconfigure.actuate.metrics.MetricsExportContextCustomizerFactory$DisableMetricExportContextCustomizer@4ba0cf75, org.springframework.boot.test.autoconfigure.properties.PropertyMappingContextCustomizer@0, org.springframework.boot.test.autoconfigure.web.servlet.WebDriverContextCustomizerFactory$Customizer@51abaaf4, org.springframework.boot.test.context.filter.ExcludeFilterContextCustomizer@3cbc410, org.springframework.boot.test.json.DuplicateJsonObjectContextCustomizerFactory$DuplicateJsonObjectContextCustomizer@7b4e0374, org.springframework.boot.test.mock.mockito.MockitoContextCustomizer@0, org.springframework.boot.test.web.client.TestRestTemplateContextCustomizer@5f84d33a, org.springframework.boot.test.context.SpringBootTestArgs@1, org.springframework.boot.test.context.SpringBootTestWebEnvironment@3c10444], resourceBasePath = 'src/main/webapp', contextLoader = 'org.springframework.boot.test.context.SpringBootContextLoader', parent = [null]], attributes = map['org.springframework.test.context.web.ServletTestExecutionListener.activateListener' -> true]], class annotated with @DirtiesContext [false] with mode [null].
01:14:07.296 [Test worker] DEBUG org.springframework.test.context.support.TestPropertySourceUtils - Adding inlined properties to environment: {spring.jmx.enabled=false, org.springframework.boot.test.context.SpringBootTestContextBootstrapper=true}

  .   ____          _            __ _ _
 /\\ / ___'_ __ _ _(_)_ __  __ _ \ \ \ \
( ( )\___ | '_ | '_| | '_ \/ _` | \ \ \ \
 \\/  ___)| |_)| | | | | || (_| |  ) ) ) )
  '  |____| .__|_| |_|_| |_\__, | / / / /
 =========|_|==============|___/=/_/_/_/
 :: Spring Boot ::       (v2.5.0-SNAPSHOT)

2023-01-16 01:14:07.565  INFO 23420 --- [    Test worker] c.example.demo.service.TodoServiceTest   : Starting TodoServiceTest using Java 11.0.14 on gnlwls with PID 23420 (started by user in C:\Users\user\BE-TODO)
2023-01-16 01:14:07.567  INFO 23420 --- [    Test worker] c.example.demo.service.TodoServiceTest   : No active profile set, falling back to default profiles: default
2023-01-16 01:14:08.402  INFO 23420 --- [    Test worker] .s.d.r.c.RepositoryConfigurationDelegate : Bootstrapping Spring Data JPA repositories in DEFAULT mode.
2023-01-16 01:14:08.465  INFO 23420 --- [    Test worker] .s.d.r.c.RepositoryConfigurationDelegate : Finished Spring Data repository scanning in 53 ms. Found 1 JPA repository interfaces.
2023-01-16 01:14:08.961  INFO 23420 --- [    Test worker] com.zaxxer.hikari.HikariDataSource       : HikariPool-1 - Starting...
2023-01-16 01:14:09.148  INFO 23420 --- [    Test worker] com.zaxxer.hikari.HikariDataSource       : HikariPool-1 - Start completed.
2023-01-16 01:14:09.221  INFO 23420 --- [    Test worker] o.hibernate.jpa.internal.util.LogHelper  : HHH000204: Processing PersistenceUnitInfo [name: default]
2023-01-16 01:14:09.289  INFO 23420 --- [    Test worker] org.hibernate.Version                    : HHH000412: Hibernate ORM core version 5.4.31.Final
2023-01-16 01:14:09.458  INFO 23420 --- [    Test worker] o.hibernate.annotations.common.Version   : HCANN000001: Hibernate Commons Annotations {5.1.2.Final}
2023-01-16 01:14:09.620  INFO 23420 --- [    Test worker] org.hibernate.dialect.Dialect            : HHH000400: Using dialect: org.hibernate.dialect.H2Dialect
2023-01-16 01:14:09.824  WARN 23420 --- [    Test worker] org.hibernate.id.UUIDHexGenerator        : HHH000409: Using org.hibernate.id.UUIDHexGenerator which does not generate IETF RFC 4122 compliant UUID values; consider using org.hibernate.id.UUIDGenerator instead
2023-01-16 01:14:10.289  INFO 23420 --- [    Test worker] o.h.e.t.j.p.i.JtaPlatformInitiator       : HHH000490: Using JtaPlatform implementation: [org.hibernate.engine.transaction.jta.platform.internal.NoJtaPlatform]
2023-01-16 01:14:10.299  INFO 23420 --- [    Test worker] j.LocalContainerEntityManagerFactoryBean : Initialized JPA EntityManagerFactory for persistence unit 'default'
2023-01-16 01:14:10.882  WARN 23420 --- [    Test worker] JpaBaseConfiguration$JpaWebConfiguration : spring.jpa.open-in-view is enabled by default. Therefore, database queries may be performed during view rendering. Explicitly configure spring.jpa.open-in-view to disable this warning
2023-01-16 01:14:11.454  INFO 23420 --- [    Test worker] c.example.demo.service.TodoServiceTest   : Started TodoServiceTest in 4.152 seconds (JVM running for 5.456)
2023-01-16 01:14:11.455  INFO 23420 --- [    Test worker] o.s.b.a.ApplicationAvailabilityBean      : Application availability state LivenessState changed to CORRECT
2023-01-16 01:14:11.457  INFO 23420 --- [    Test worker] o.s.b.a.ApplicationAvailabilityBean      : Application availability state ReadinessState changed to ACCEPTING_TRAFFIC
-- BeforeEach 어노테이션 호출 --
-- Delete 테스트 시작 --
[TodoEntity(id=524c530e85b635af0185b635b6a50001, userId=Test UserId, title=New Title2, done=false)]
]]></system-out>
  <system-err><![CDATA[]]></system-err>
</testsuite>
